<!DOCTYPE html PUBLIC "-//W3C//DTD XHTML 1.1//EN" "http://www.w3.org/TR/xhtml11/DTD/xhtml11.dtd">
<html xmlns="http://www.w3.org/1999/xhtml">
<head>
<meta http-equiv="content-type" content="text/html; charset=UTF-8"/>
<title>TestNG Report</title>
<style type="text/css">table {margin-bottom:10px;border-collapse:collapse;empty-cells:show}th,td {border:1px solid #009;padding:.25em .5em}th {vertical-align:bottom}td {vertical-align:top}table a {font-weight:bold}.stripe td {background-color: #E6EBF9}.num {text-align:right}.passedodd td {background-color: #3F3}.passedeven td {background-color: #0A0}.skippedodd td {background-color: #DDD}.skippedeven td {background-color: #CCC}.failedodd td,.attn {background-color: #F33}.failedeven td,.stripe .attn {background-color: #D00}.stacktrace {white-space:pre;font-family:monospace}.totop {font-size:85%;text-align:center;border-bottom:2px solid #000}.invisible {display:none}</style>
</head>
<body>
<table>
<tr><th>Test</th><th># Passed</th><th># Skipped</th><th># Failed</th><th>Time (ms)</th><th>Included Groups</th><th>Excluded Groups</th></tr>
<tr><th colspan="7">Hub spot Test automtion regression suite</th></tr>
<tr><td><a href="#t0">HubSpot Feature Testing - login</a></td><td class="num">3</td><td class="num">0</td><td class="num">0</td><td class="num">18,674</td><td></td><td></td></tr>
<tr class="stripe"><td><a href="#t1">HubSpot Feature Testing - home </a></td><td class="num">3</td><td class="num">0</td><td class="num">0</td><td class="num">20,675</td><td></td><td></td></tr>
<tr><td><a href="#t2">HubSpot Feature Testing - contacts</a></td><td class="num">5</td><td class="num">0</td><td class="num attn">1</td><td class="num">99,526</td><td></td><td></td></tr>
<tr><th>Total</th><th class="num">11</th><th class="num">0</th><th class="num attn">1</th><th class="num">138,875</th><th colspan="2"></th></tr>
</table>
<table id='summary'><thead><tr><th>Class</th><th>Method</th><th>Start</th><th>Time (ms)</th></tr></thead><tbody><tr><th colspan="4">Hub spot Test automtion regression suite</th></tr></tbody><tbody id="t0"><tr><th colspan="4">HubSpot Feature Testing - login &#8212; passed</th></tr><tr class="passedeven"><td rowspan="3">com.qa.hubspot.tests.LoginPageTest</td><td><a href="#m0">loginPageTest</a></td><td rowspan="1">1595622707444</td><td rowspan="1">3227</td></tr><tr class="passedeven"><td><a href="#m1">verifyLoginPageTitleTest</a></td><td rowspan="1">1595622707404</td><td rowspan="1">37</td></tr><tr class="passedeven"><td><a href="#m2">verifySignUpLinkTest</a></td><td rowspan="1">1595622701539</td><td rowspan="1">5721</td></tr></tbody>
<tbody id="t1"><tr><th colspan="4">HubSpot Feature Testing - home  &#8212; passed</th></tr><tr class="passedeven"><td rowspan="3">com.qa.hubspot.tests.HomePageTest</td><td><a href="#m3">verifyHomePageHeaderTest</a></td><td rowspan="1">1595622725273</td><td rowspan="1">4680</td></tr><tr class="passedeven"><td><a href="#m4">verifyHomePageTitleTest</a></td><td rowspan="1">1595622729958</td><td rowspan="1">16</td></tr><tr class="passedeven"><td><a href="#m5">verifyLoggedinUserTest</a></td><td rowspan="1">1595622729981</td><td rowspan="1">1410</td></tr></tbody>
<tbody id="t2"><tr><th colspan="4">HubSpot Feature Testing - contacts &#8212; failed</th></tr><tr class="failedeven"><td rowspan="1">com.qa.hubspot.tests.ContactsPageTest</td><td><a href="#m6">createNewContactTest</a></td><td rowspan="1">1595622789403</td><td rowspan="1">27256</td></tr><tr><th colspan="4">HubSpot Feature Testing - contacts &#8212; passed</th></tr><tr class="passedeven"><td rowspan="5">com.qa.hubspot.tests.ContactsPageTest</td><td><a href="#m7">createNewContactTest</a></td><td rowspan="3">1595622817062</td><td rowspan="3">13802</td></tr><tr class="passedeven"><td><a href="#m8">createNewContactTest</a></td></tr><tr class="passedeven"><td><a href="#m9">createNewContactTest</a></td></tr><tr class="passedeven"><td><a href="#m10">verifyContactsPageHeader</a></td><td rowspan="1">1595622753377</td><td rowspan="1">2294</td></tr><tr class="passedeven"><td><a href="#m11">verifyContactsPageTitleTest</a></td><td rowspan="1">1595622752347</td><td rowspan="1">1003</td></tr></tbody>
</table>
<h2>HubSpot Feature Testing - login</h2><h3 id="m0">com.qa.hubspot.tests.LoginPageTest#loginPageTest</h3><table class="result"><tr><th class="invisible"/></tr></table><p class="totop"><a href="#summary">back to summary</a></p>
<h3 id="m1">com.qa.hubspot.tests.LoginPageTest#verifyLoginPageTitleTest</h3><table class="result"><tr><th class="invisible"/></tr></table><p class="totop"><a href="#summary">back to summary</a></p>
<h3 id="m2">com.qa.hubspot.tests.LoginPageTest#verifySignUpLinkTest</h3><table class="result"><tr><th class="invisible"/></tr></table><p class="totop"><a href="#summary">back to summary</a></p>
<h2>HubSpot Feature Testing - home </h2><h3 id="m3">com.qa.hubspot.tests.HomePageTest#verifyHomePageHeaderTest</h3><table class="result"><tr><th class="invisible"/></tr></table><p class="totop"><a href="#summary">back to summary</a></p>
<h3 id="m4">com.qa.hubspot.tests.HomePageTest#verifyHomePageTitleTest</h3><table class="result"><tr><th class="invisible"/></tr></table><p class="totop"><a href="#summary">back to summary</a></p>
<h3 id="m5">com.qa.hubspot.tests.HomePageTest#verifyLoggedinUserTest</h3><table class="result"><tr><th class="invisible"/></tr></table><p class="totop"><a href="#summary">back to summary</a></p>
<h2>HubSpot Feature Testing - contacts</h2><h3 id="m6">com.qa.hubspot.tests.ContactsPageTest#createNewContactTest</h3><table class="result"><tr class="param"><th>Parameter #1</th><th>Parameter #2</th><th>Parameter #3</th><th>Parameter #4</th></tr><tr class="param stripe"><td>kana@gmail.com</td><td>Kan</td><td>Oberoi</td><td>QA Manager</td></tr><tr><th colspan="4">Exception</th></tr><tr><td colspan="4"><div class="stacktrace">org.openqa.selenium.TimeoutException: Expected condition failed: waiting for element to be clickable: By.xpath: (//span[@class=&apos;private-checkbox__indicator&apos;])[1] (tried for 10 second(s) with 500 milliseconds interval)
	at org.openqa.selenium.support.ui.WebDriverWait.timeoutException(WebDriverWait.java:95)
	at org.openqa.selenium.support.ui.FluentWait.until(FluentWait.java:272)
	at com.qa.hubspot.utils.ElementUtil.clickWhenReady(ElementUtil.java:168)
	at com.qa.hubspot.pages.ContactsPage.deleteContacts(ContactsPage.java:83)
	at com.qa.hubspot.tests.ContactsPageTest.createNewContactTest(ContactsPageTest.java:73)
Caused by: org.openqa.selenium.NoSuchElementException: no such element: Unable to locate element: {&quot;method&quot;:&quot;xpath&quot;,&quot;selector&quot;:&quot;(//span[@class=&apos;private-checkbox__indicator&apos;])[1]&quot;}
  (Session info: chrome=84.0.4147.89)
For documentation on this error, please visit: https://www.seleniumhq.org/exceptions/no_such_element.html
Build info: version: &apos;3.141.59&apos;, revision: &apos;e82be7d358&apos;, time: &apos;2018-11-14T08:17:03&apos;
System info: host: &apos;NUR&apos;, ip: &apos;10.0.0.193&apos;, os.name: &apos;Windows 10&apos;, os.arch: &apos;amd64&apos;, os.version: &apos;10.0&apos;, java.version: &apos;1.8.0_251&apos;
Driver info: org.openqa.selenium.chrome.ChromeDriver
Capabilities {acceptInsecureCerts: false, browserName: chrome, browserVersion: 84.0.4147.89, chrome: {chromedriverVersion: 84.0.4147.30 (48b3e868b4cc0..., userDataDir: C:\Users\shuku\AppData\Loca...}, goog:chromeOptions: {debuggerAddress: localhost:54130}, javascriptEnabled: true, networkConnectionEnabled: false, pageLoadStrategy: normal, platform: WINDOWS, platformName: WINDOWS, proxy: Proxy(), setWindowRect: true, strictFileInteractability: false, timeouts: {implicit: 0, pageLoad: 300000, script: 30000}, unhandledPromptBehavior: dismiss and notify, webauthn:virtualAuthenticators: true}
Session ID: d2f1c2bcd8850cfb02b30f234d7d5136
*** Element info: {Using=xpath, value=(//span[@class=&apos;private-checkbox__indicator&apos;])[1]}
	at org.openqa.selenium.remote.http.W3CHttpResponseCodec.createException(W3CHttpResponseCodec.java:187)
	at org.openqa.selenium.remote.http.W3CHttpResponseCodec.decode(W3CHttpResponseCodec.java:122)
	at org.openqa.selenium.remote.http.W3CHttpResponseCodec.decode(W3CHttpResponseCodec.java:49)
	at org.openqa.selenium.remote.HttpCommandExecutor.execute(HttpCommandExecutor.java:158)
	at org.openqa.selenium.remote.service.DriverCommandExecutor.execute(DriverCommandExecutor.java:83)
	at org.openqa.selenium.remote.RemoteWebDriver.execute(RemoteWebDriver.java:552)
	at org.openqa.selenium.remote.RemoteWebDriver.findElement(RemoteWebDriver.java:323)
	at org.openqa.selenium.remote.RemoteWebDriver.findElementByXPath(RemoteWebDriver.java:428)
	at org.openqa.selenium.By$ByXPath.findElement(By.java:353)
	at org.openqa.selenium.remote.RemoteWebDriver.findElement(RemoteWebDriver.java:315)
	at org.openqa.selenium.support.ui.ExpectedConditions$7.apply(ExpectedConditions.java:205)
	at org.openqa.selenium.support.ui.ExpectedConditions$7.apply(ExpectedConditions.java:201)
	at org.openqa.selenium.support.ui.ExpectedConditions$22.apply(ExpectedConditions.java:641)
	at org.openqa.selenium.support.ui.ExpectedConditions$22.apply(ExpectedConditions.java:638)
	at org.openqa.selenium.support.ui.FluentWait.until(FluentWait.java:249)
	... 28 more
... Removed 29 stack frames</div></td></tr></table><p class="totop"><a href="#summary">back to summary</a></p>
<h3 id="m7">com.qa.hubspot.tests.ContactsPageTest#createNewContactTest</h3><table class="result"><tr class="param"><th>Parameter #1</th><th>Parameter #2</th><th>Parameter #3</th><th>Parameter #4</th></tr><tr class="param stripe"><td>kanaa@gmail.com</td><td>Kan</td><td>Oberoi</td><td>QA Manager</td></tr></table><p class="totop"><a href="#summary">back to summary</a></p>
<h3 id="m8">com.qa.hubspot.tests.ContactsPageTest#createNewContactTest</h3><table class="result"><tr class="param"><th>Parameter #1</th><th>Parameter #2</th><th>Parameter #3</th><th>Parameter #4</th></tr><tr class="param stripe"><td>sheena@gmail.com</td><td>Sheena</td><td>Shoby</td><td>SDET1</td></tr></table><p class="totop"><a href="#summary">back to summary</a></p>
<h3 id="m9">com.qa.hubspot.tests.ContactsPageTest#createNewContactTest</h3><table class="result"><tr class="param"><th>Parameter #1</th><th>Parameter #2</th><th>Parameter #3</th><th>Parameter #4</th></tr><tr class="param stripe"><td>kan@gmail.com</td><td>Kan</td><td>Oberoi</td><td>QA Manager</td></tr></table><p class="totop"><a href="#summary">back to summary</a></p>
<h3 id="m10">com.qa.hubspot.tests.ContactsPageTest#verifyContactsPageHeader</h3><table class="result"><tr><th class="invisible"/></tr></table><p class="totop"><a href="#summary">back to summary</a></p>
<h3 id="m11">com.qa.hubspot.tests.ContactsPageTest#verifyContactsPageTitleTest</h3><table class="result"><tr><th class="invisible"/></tr></table><p class="totop"><a href="#summary">back to summary</a></p>
</body>
</html>
